<?xml version="1.0" encoding="UTF-8"?>
<!-- Generated by org.testng.reporters.JUnitReportReporter -->
<testsuite hostname="Dhanvi" failures="0" tests="2" name="distributedparallel.Test1" time="0.013" errors="0" timestamp="2024-09-30T16:20:56 IST" skipped="0">
  <testcase classname="distributedparallel.Test1" name="demo2" time="0.001"/>
  <testcase classname="distributedparallel.Test1" name="demo1" time="0.012"/>
</testsuite> <!-- distributedparallel.Test1 -->
