<?xml version="1.0" encoding="UTF-8"?>
<!-- Generated by org.testng.reporters.JUnitReportReporter -->
<testsuite hostname="Dhanvi" failures="0" tests="3" name="crossBrowser.Test2" time="7.483" errors="0" timestamp="2024-10-01T15:45:58 IST" skipped="0">
  <testcase classname="crossBrowser.Test2" name="fbTest" time="1.171"/>
  <testcase classname="crossBrowser.Test2" name="fbTest" time="5.016"/>
  <testcase classname="crossBrowser.Test2" name="fbTest" time="1.296"/>
</testsuite> <!-- crossBrowser.Test2 -->
