<?xml version="1.0" encoding="UTF-8"?>
<!-- Generated by org.testng.reporters.JUnitReportReporter -->
<testsuite hostname="Dhanvi" failures="0" tests="1" name="interview.ActionClass" time="3.962" errors="0" timestamp="2024-10-18T20:52:47 IST" skipped="0">
  <testcase classname="interview.ActionClass" name="actiontest" time="3.962"/>
</testsuite> <!-- interview.ActionClass -->
