<?xml version="1.0" encoding="UTF-8"?>
<!-- Generated by org.testng.reporters.JUnitReportReporter -->
<testsuite hostname="Dhanvi" failures="0" tests="2" name="distributedparallel.Test2" time="0.002" errors="0" timestamp="2024-09-30T16:20:56 IST" skipped="0">
  <testcase classname="distributedparallel.Test2" name="demo1" time="0.001"/>
  <testcase classname="distributedparallel.Test2" name="demo2" time="0.001"/>
</testsuite> <!-- distributedparallel.Test2 -->
