<?xml version="1.0" encoding="UTF-8"?>
<!-- Generated by org.testng.reporters.JUnitReportReporter -->
<testsuite hostname="Dhanvi" failures="0" tests="2" name="crossBrowser.Test2" time="1.585" errors="0" timestamp="2024-10-24T09:16:50 IST" skipped="0">
  <testcase classname="crossBrowser.Test2" name="fbTest" time="1.081"/>
  <testcase classname="crossBrowser.Test2" name="fbTest" time="0.504"/>
</testsuite> <!-- crossBrowser.Test2 -->
