<?xml version="1.0" encoding="UTF-8"?>
<!-- Generated by org.testng.reporters.JUnitReportReporter -->
<testsuite hostname="Dhanvi" failures="0" tests="2" name="groupExecution.Test3" time="0.008" errors="0" timestamp="2024-09-30T15:38:13 IST" skipped="0">
  <testcase classname="groupExecution.Test3" name="test1" time="0.007"/>
  <testcase classname="groupExecution.Test3" name="test3" time="0.001"/>
</testsuite> <!-- groupExecution.Test3 -->
