<?xml version="1.0" encoding="UTF-8"?>
<!-- Generated by org.testng.reporters.JUnitReportReporter -->
<testsuite hostname="Dhanvi" failures="0" tests="3" name="testng.EnabledFlag" time="0.003" errors="0" timestamp="2024-09-30T15:16:09 IST" skipped="1">
  <testcase classname="testng.EnabledFlag" name="demo3" time="0.001">
    <system-out>
      <![CDATA[demo3]]>
    </system-out>
  </testcase> <!-- demo3 -->
  <testcase classname="testng.EnabledFlag" name="demo3" time="0.002">
    <system-out>
      <![CDATA[demo3]]>
    </system-out>
  </testcase> <!-- demo3 -->
  <testcase classname="testng.EnabledFlag" name="demo1">
    <skipped/>
  </testcase> <!-- demo1 -->
  <system-out>
    <![CDATA[demo1
demo1
demo3
demo3
demo3]]>
  </system-out>
</testsuite> <!-- testng.EnabledFlag -->
