<?xml version="1.0" encoding="UTF-8"?>
<!-- Generated by org.testng.reporters.JUnitReportReporter -->
<testsuite hostname="Dhanvi" failures="0" tests="1" name="testng.Sample" time="0.008" errors="0" timestamp="2024-09-27T15:41:34 IST" skipped="0">
  <testcase classname="testng.Sample" name="demo" time="0.008">
    <system-out>
      <![CDATA[hello world]]>
    </system-out>
  </testcase> <!-- demo -->
  <system-out>
    <![CDATA[hello world]]>
  </system-out>
</testsuite> <!-- testng.Sample -->
