<?xml version="1.0" encoding="UTF-8"?>
<!-- Generated by org.testng.reporters.JUnitReportReporter -->
<testsuite hostname="Dhanvi" failures="0" tests="1" name="annotations.TestClass" time="0.005" errors="0" timestamp="2024-08-27T20:55:16 IST" skipped="0">
  <testcase classname="annotations.TestClass" name="testMethod" time="0.005"/>
</testsuite> <!-- annotations.TestClass -->
