<?xml version="1.0" encoding="UTF-8"?>
<!-- Generated by org.testng.reporters.JUnitReportReporter -->
<testsuite hostname="Dhanvi" failures="0" tests="1" name="pageObjectModel.FBLoginTest" time="0.285" errors="0" timestamp="2024-08-27T10:36:10 IST" skipped="0">
  <testcase classname="pageObjectModel.FBLoginTest" name="testLogin" time="0.285"/>
</testsuite> <!-- pageObjectModel.FBLoginTest -->
