<?xml version="1.0" encoding="UTF-8"?>
<!-- Generated by org.testng.reporters.JUnitReportReporter -->
<testsuite hostname="Dhanvi" failures="0" tests="4" name="interview.DataProvide" time="19.732" errors="0" timestamp="2024-10-20T08:17:54 IST" skipped="0">
  <testcase classname="interview.DataProvide" name="searchTest" time="4.442"/>
  <testcase classname="interview.DataProvide" name="searchTest" time="5.304"/>
  <testcase classname="interview.DataProvide" name="searchTest" time="4.928"/>
  <testcase classname="interview.DataProvide" name="searchTest" time="5.058"/>
</testsuite> <!-- interview.DataProvide -->
