<?xml version="1.0" encoding="UTF-8"?>
<!-- Generated by org.testng.reporters.JUnitReportReporter -->
<testsuite hostname="Dhanvi" failures="0" tests="3" name="testng.InvocationCountTest" time="0.009" errors="0" timestamp="2024-09-30T15:16:09 IST" skipped="0">
  <testcase classname="testng.InvocationCountTest" name="demo3" time="0.001">
    <system-out>
      <![CDATA[demo3]]>
    </system-out>
  </testcase> <!-- demo3 -->
  <testcase classname="testng.InvocationCountTest" name="demo1" time="0.006">
    <system-out>
      <![CDATA[demo1]]>
    </system-out>
  </testcase> <!-- demo1 -->
  <testcase classname="testng.InvocationCountTest" name="demo1" time="0.002">
    <system-out>
      <![CDATA[demo1]]>
    </system-out>
  </testcase> <!-- demo1 -->
  <system-out>
    <![CDATA[demo1
demo1
demo3
demo3
demo3]]>
  </system-out>
</testsuite> <!-- testng.InvocationCountTest -->
