<?xml version="1.0" encoding="UTF-8"?>
<!-- Generated by org.testng.reporters.JUnitReportReporter -->
<testsuite hostname="Dhanvi" failures="0" tests="1" name="groupExecution.Test1" time="0.001" errors="0" timestamp="2024-09-30T15:37:53 IST" skipped="0">
  <testcase classname="groupExecution.Test1" name="test3" time="0.001"/>
</testsuite> <!-- groupExecution.Test1 -->
