<?xml version="1.0" encoding="UTF-8"?>
<!-- Generated by org.testng.reporters.JUnitReportReporter -->
<testsuite hostname="Dhanvi" failures="0" tests="1" name="testng.PrioritizeTests" time="0.008" errors="0" timestamp="2024-09-27T15:59:19 IST" skipped="0">
  <testcase classname="testng.PrioritizeTests" name="demo2" time="0.008">
    <system-out>
      <![CDATA[demo2]]>
    </system-out>
  </testcase> <!-- demo2 -->
  <system-out>
    <![CDATA[demo2]]>
  </system-out>
</testsuite> <!-- testng.PrioritizeTests -->
