<?xml version="1.0" encoding="UTF-8"?>
<!-- Generated by org.testng.reporters.JUnitReportReporter -->
<testsuite hostname="Dhanvi" failures="0" tests="1" name="pageObjectModel.SkilraryTest" time="0.681" errors="0" timestamp="2024-08-28T21:16:34 IST" skipped="0">
  <testcase classname="pageObjectModel.SkilraryTest" name="loginTest" time="0.681"/>
</testsuite> <!-- pageObjectModel.SkilraryTest -->
