<?xml version="1.0" encoding="UTF-8"?>
<!-- Generated by org.testng.reporters.JUnitReportReporter -->
<testsuite hostname="Dhanvi" failures="0" tests="2" name="crossBrowser.Test1" time="3.060" errors="0" timestamp="2024-10-24T09:16:50 IST" skipped="0">
  <testcase classname="crossBrowser.Test1" name="googleTest" time="1.707"/>
  <testcase classname="crossBrowser.Test1" name="googleTest" time="1.353"/>
</testsuite> <!-- crossBrowser.Test1 -->
