<?xml version="1.0" encoding="UTF-8"?>
<!-- Generated by org.testng.reporters.JUnitReportReporter -->
<testsuite hostname="Dhanvi" failures="0" tests="1" name="TestClass" time="0.011" errors="0" timestamp="2024-08-26T11:54:57 IST" skipped="0">
  <testcase classname="TestClass" name="test" time="0.011"/>
  <system-out/>
</testsuite> <!-- TestClass -->
