<?xml version="1.0" encoding="UTF-8"?>
<!-- Generated by org.testng.reporters.JUnitReportReporter -->
<testsuite hostname="Dhanvi" failures="0" tests="3" name="groupExecution.Test2" time="0.007" errors="0" timestamp="2024-08-29T13:40:39 IST" skipped="0">
  <testcase classname="groupExecution.Test2" name="test1" time="0.003"/>
  <testcase classname="groupExecution.Test2" name="test3" time="0.002"/>
  <testcase classname="groupExecution.Test2" name="test2" time="0.002"/>
</testsuite> <!-- groupExecution.Test2 -->
