<?xml version="1.0" encoding="UTF-8"?>
<!-- Generated by org.testng.reporters.JUnitReportReporter -->
<testsuite hostname="Dhanvi" failures="0" tests="1" name="interview.Incognito" time="3.752" errors="0" timestamp="2024-10-18T19:58:55 IST" skipped="0">
  <testcase classname="interview.Incognito" name="incognitoTest" time="3.752"/>
</testsuite> <!-- interview.Incognito -->
