<?xml version="1.0" encoding="UTF-8"?>
<!-- Generated by org.testng.reporters.JUnitReportReporter -->
<testsuite hostname="Dhanvi" failures="0" tests="1" name="testng.TestClass" time="0.006" errors="0" timestamp="2024-08-28T16:03:59 IST" skipped="0">
  <testcase classname="testng.TestClass" name="test" time="0.006"/>
  <system-out>
    <![CDATA[demo5
demo3
demo1
demo3
demo4
demo2
demo1
demo1]]>
  </system-out>
</testsuite> <!-- testng.TestClass -->
