<?xml version="1.0" encoding="UTF-8"?>
<!-- Generated by org.testng.reporters.JUnitReportReporter -->
<testsuite hostname="Dhanvi" failures="0" tests="3" name="groupExecution.Test3" time="0.010" errors="0" timestamp="2024-10-24T09:11:43 IST" skipped="0">
  <testcase classname="groupExecution.Test3" name="test1" time="0.007"/>
  <testcase classname="groupExecution.Test3" name="test3" time="0.001"/>
  <testcase classname="groupExecution.Test3" name="test2" time="0.002"/>
</testsuite> <!-- groupExecution.Test3 -->
