<?xml version="1.0" encoding="UTF-8"?>
<!-- Generated by org.testng.reporters.JUnitReportReporter -->
<testsuite hostname="Dhanvi" failures="0" tests="2" name="distributedparallel.Test3" time="0.014" errors="0" timestamp="2024-09-30T16:20:56 IST" skipped="0">
  <testcase classname="distributedparallel.Test3" name="demo2" time="0.002"/>
  <testcase classname="distributedparallel.Test3" name="demo1" time="0.012"/>
</testsuite> <!-- distributedparallel.Test3 -->
