<?xml version="1.0" encoding="UTF-8"?>
<!-- Generated by org.testng.reporters.JUnitReportReporter -->
<testsuite hostname="Dhanvi" failures="0" tests="3" name="testng.DataProviderTest" time="0.007" errors="0" timestamp="2024-08-29T15:26:58 IST" skipped="0">
  <testcase classname="testng.DataProviderTest" name="bookTicketTest" time="0.001"/>
  <testcase classname="testng.DataProviderTest" name="bookTicketTest" time="0.001"/>
  <testcase classname="testng.DataProviderTest" name="bookTicketTest" time="0.005"/>
</testsuite> <!-- testng.DataProviderTest -->
