<?xml version="1.0" encoding="UTF-8"?>
<!-- Generated by org.testng.reporters.JUnitReportReporter -->
<testsuite hostname="Dhanvi" failures="0" tests="1" name="annotations.TestClass2" time="14.571" errors="0" timestamp="2024-09-30T15:42:38 IST" skipped="0">
  <testcase classname="annotations.TestClass2" name="createCategory" time="14.571"/>
</testsuite> <!-- annotations.TestClass2 -->
