<?xml version="1.0" encoding="UTF-8"?>
<!-- Generated by org.testng.reporters.JUnitReportReporter -->
<testsuite hostname="Dhanvi" failures="0" tests="2" name="groupExecution.Test4" time="0.002" errors="0" timestamp="2024-08-29T13:40:39 IST" skipped="0">
  <testcase classname="groupExecution.Test4" name="test2" time="0.001"/>
  <testcase classname="groupExecution.Test4" name="test1" time="0.001"/>
</testsuite> <!-- groupExecution.Test4 -->
