<?xml version="1.0" encoding="UTF-8"?>
<!-- Generated by org.testng.reporters.JUnitReportReporter -->
<testsuite hostname="Dhanvi" failures="0" tests="2" name="Practice.PracticeTest" time="0.023" errors="0" timestamp="2024-10-16T08:07:28 IST" skipped="0">
  <testcase classname="Practice.PracticeTest" name="demo2" time="0.002"/>
  <testcase classname="Practice.PracticeTest" name="demo1" time="0.021"/>
</testsuite> <!-- Practice.PracticeTest -->
