<?xml version="1.0" encoding="UTF-8"?>
<!-- Generated by org.testng.reporters.JUnitReportReporter -->
<testsuite hostname="Dhanvi" failures="0" tests="3" name="crossBrowser.Test1" time="4.053" errors="0" timestamp="2024-10-01T15:45:58 IST" skipped="0">
  <testcase classname="crossBrowser.Test1" name="googleTest" time="1.359"/>
  <testcase classname="crossBrowser.Test1" name="googleTest" time="1.986"/>
  <testcase classname="crossBrowser.Test1" name="googleTest" time="0.708"/>
</testsuite> <!-- crossBrowser.Test1 -->
